# JRE version: Java(TM) SE Runtime Environment (8.0_101-b13) (build 1.8.0_101-b13)
# Java VM: Java HotSpot(TM) 64-Bit Server VM (25.101-b13 mixed mode windows-amd64 compressed oops)
Heap:
 PSYoungGen      total 18944K, used 502K [0x00000000eb300000, 0x00000000ed800000, 0x0000000100000000)
  eden space 16384K, 3% used [0x00000000eb300000,0x00000000eb37d800,0x00000000ec300000)
  from space 2560K, 0% used [0x00000000ed580000,0x00000000ed580000,0x00000000ed800000)
  to   space 2560K, 0% used [0x00000000ec300000,0x00000000ec300000,0x00000000ec580000)
 ParOldGen       total 41472K, used 8548K [0x00000000c1800000, 0x00000000c4080000, 0x00000000eb300000)
  object space 41472K, 20% used [0x00000000c1800000,0x00000000c2059188,0x00000000c4080000)
 Metaspace       used 21240K, capacity 21516K, committed 21888K, reserved 1069056K
  class space    used 2795K, capacity 2897K, committed 2944K, reserved 1048576K
GC Heap History (10 events):
Event: 3.038 GC heap before
{Heap before GC invocations=1 (full 0):
 PSYoungGen      total 18944K, used 16384K [0x00000000eb300000, 0x00000000ec800000, 0x0000000100000000)
  eden space 16384K, 100% used [0x00000000eb300000,0x00000000ec300000,0x00000000ec300000)
  from space 2560K, 0% used [0x00000000ec580000,0x00000000ec580000,0x00000000ec800000)
  to   space 2560K, 0% used [0x00000000ec300000,0x00000000ec300000,0x00000000ec580000)
 ParOldGen       total 44032K, used 0K [0x00000000c1800000, 0x00000000c4300000, 0x00000000eb300000)
  object space 44032K, 0% used [0x00000000c1800000,0x00000000c1800000,0x00000000c4300000)
 Metaspace       used 14152K, capacity 14302K, committed 14464K, reserved 1062912K
  class space    used 1792K, capacity 1867K, committed 1920K, reserved 1048576K
Event: 3.061 GC heap after
Heap after GC invocations=1 (full 0):
 PSYoungGen      total 18944K, used 2545K [0x00000000eb300000, 0x00000000ec800000, 0x0000000100000000)
  eden space 16384K, 0% used [0x00000000eb300000,0x00000000eb300000,0x00000000ec300000)
  from space 2560K, 99% used [0x00000000ec300000,0x00000000ec57c750,0x00000000ec580000)
  to   space 2560K, 0% used [0x00000000ec580000,0x00000000ec580000,0x00000000ec800000)
 ParOldGen       total 44032K, used 1726K [0x00000000c1800000, 0x00000000c4300000, 0x00000000eb300000)
  object space 44032K, 3% used [0x00000000c1800000,0x00000000c19afab8,0x00000000c4300000)
 Metaspace       used 14152K, capacity 14302K, committed 14464K, reserved 1062912K
  class space    used 1792K, capacity 1867K, committed 1920K, reserved 1048576K
}
Event: 7.032 GC heap before
{Heap before GC invocations=2 (full 0):
 PSYoungGen      total 18944K, used 18929K [0x00000000eb300000, 0x00000000ec800000, 0x0000000100000000)
  eden space 16384K, 100% used [0x00000000eb300000,0x00000000ec300000,0x00000000ec300000)
  from space 2560K, 99% used [0x00000000ec300000,0x00000000ec57c750,0x00000000ec580000)
  to   space 2560K, 0% used [0x00000000ec580000,0x00000000ec580000,0x00000000ec800000)
 ParOldGen       total 44032K, used 1726K [0x00000000c1800000, 0x00000000c4300000, 0x00000000eb300000)
  object space 44032K, 3% used [0x00000000c1800000,0x00000000c19afab8,0x00000000c4300000)
 Metaspace       used 17474K, capacity 17792K, committed 18048K, reserved 1064960K
  class space    used 2220K, capacity 2326K, committed 2432K, reserved 1048576K
Event: 7.084 GC heap after
Heap after GC invocations=2 (full 0):
 PSYoungGen      total 18944K, used 2544K [0x00000000eb300000, 0x00000000ec800000, 0x0000000100000000)
  eden space 16384K, 0% used [0x00000000eb300000,0x00000000eb300000,0x00000000ec300000)
  from space 2560K, 99% used [0x00000000ec580000,0x00000000ec7fc030,0x00000000ec800000)
  to   space 2560K, 0% used [0x00000000ec300000,0x00000000ec300000,0x00000000ec580000)
 ParOldGen       total 44032K, used 13751K [0x00000000c1800000, 0x00000000c4300000, 0x00000000eb300000)
  object space 44032K, 31% used [0x00000000c1800000,0x00000000c256df70,0x00000000c4300000)
 Metaspace       used 17474K, capacity 17792K, committed 18048K, reserved 1064960K
  class space    used 2220K, capacity 2326K, committed 2432K, reserved 1048576K
}
Event: 7.889 GC heap before
{Heap before GC invocations=3 (full 0):
 PSYoungGen      total 18944K, used 18928K [0x00000000eb300000, 0x00000000ec800000, 0x0000000100000000)
  eden space 16384K, 100% used [0x00000000eb300000,0x00000000ec300000,0x00000000ec300000)
  from space 2560K, 99% used [0x00000000ec580000,0x00000000ec7fc030,0x00000000ec800000)
  to   space 2560K, 0% used [0x00000000ec300000,0x00000000ec300000,0x00000000ec580000)
 ParOldGen       total 44032K, used 13751K [0x00000000c1800000, 0x00000000c4300000, 0x00000000eb300000)
  object space 44032K, 31% used [0x00000000c1800000,0x00000000c256df70,0x00000000c4300000)
 Metaspace       used 19646K, capacity 19994K, committed 20096K, reserved 1067008K
  class space    used 2539K, capacity 2650K, committed 2688K, reserved 1048576K
Event: 7.902 GC heap after
Heap after GC invocations=3 (full 0):
 PSYoungGen      total 18944K, used 2545K [0x00000000eb300000, 0x00000000ed800000, 0x0000000100000000)
  eden space 16384K, 0% used [0x00000000eb300000,0x00000000eb300000,0x00000000ec300000)
  from space 2560K, 99% used [0x00000000ec300000,0x00000000ec57c720,0x00000000ec580000)
  to   space 2560K, 0% used [0x00000000ed580000,0x00000000ed580000,0x00000000ed800000)
 ParOldGen       total 44032K, used 16029K [0x00000000c1800000, 0x00000000c4300000, 0x00000000eb300000)
  object space 44032K, 36% used [0x00000000c1800000,0x00000000c27a7570,0x00000000c4300000)
 Metaspace       used 19646K, capacity 19994K, committed 20096K, reserved 1067008K
  class space    used 2539K, capacity 2650K, committed 2688K, reserved 1048576K
}
Event: 1063.247 GC heap before
{Heap before GC invocations=4 (full 0):
 PSYoungGen      total 18944K, used 15570K [0x00000000eb300000, 0x00000000ed800000, 0x0000000100000000)
  eden space 16384K, 79% used [0x00000000eb300000,0x00000000ebfb8208,0x00000000ec300000)
  from space 2560K, 99% used [0x00000000ec300000,0x00000000ec57c720,0x00000000ec580000)
  to   space 2560K, 0% used [0x00000000ed580000,0x00000000ed580000,0x00000000ed800000)
 ParOldGen       total 44032K, used 16029K [0x00000000c1800000, 0x00000000c4300000, 0x00000000eb300000)
  object space 44032K, 36% used [0x00000000c1800000,0x00000000c27a7570,0x00000000c4300000)
 Metaspace       used 20884K, capacity 21186K, committed 21248K, reserved 1067008K
  class space    used 2707K, capacity 2812K, committed 2816K, reserved 1048576K
Event: 1063.288 GC heap after
Heap after GC invocations=4 (full 0):
 PSYoungGen      total 18944K, used 2528K [0x00000000eb300000, 0x00000000ed800000, 0x0000000100000000)
  eden space 16384K, 0% used [0x00000000eb300000,0x00000000eb300000,0x00000000ec300000)
  from space 2560K, 98% used [0x00000000ed580000,0x00000000ed7f8050,0x00000000ed800000)
  to   space 2560K, 0% used [0x00000000ec300000,0x00000000ec300000,0x00000000ec580000)
 ParOldGen       total 44032K, used 27118K [0x00000000c1800000, 0x00000000c4300000, 0x00000000eb300000)
  object space 44032K, 61% used [0x00000000c1800000,0x00000000c327b940,0x00000000c4300000)
 Metaspace       used 20884K, capacity 21186K, committed 21248K, reserved 1067008K
  class space    used 2707K, capacity 2812K, committed 2816K, reserved 1048576K
}
Event: 1063.288 GC heap before
{Heap before GC invocations=5 (full 1):
 PSYoungGen      total 18944K, used 2528K [0x00000000eb300000, 0x00000000ed800000, 0x0000000100000000)
  eden space 16384K, 0% used [0x00000000eb300000,0x00000000eb300000,0x00000000ec300000)
  from space 2560K, 98% used [0x00000000ed580000,0x00000000ed7f8050,0x00000000ed800000)
  to   space 2560K, 0% used [0x00000000ec300000,0x00000000ec300000,0x00000000ec580000)
 ParOldGen       total 44032K, used 27118K [0x00000000c1800000, 0x00000000c4300000, 0x00000000eb300000)
  object space 44032K, 61% used [0x00000000c1800000,0x00000000c327b940,0x00000000c4300000)
 Metaspace       used 20884K, capacity 21186K, committed 21248K, reserved 1067008K
  class space    used 2707K, capacity 2812K, committed 2816K, reserved 1048576K
Event: 1063.400 GC heap after
Heap after GC invocations=5 (full 1):
 PSYoungGen      total 18944K, used 0K [0x00000000eb300000, 0x00000000ed800000, 0x0000000100000000)
  eden space 16384K, 0% used [0x00000000eb300000,0x00000000eb300000,0x00000000ec300000)
  from space 2560K, 0% used [0x00000000ed580000,0x00000000ed580000,0x00000000ed800000)
  to   space 2560K, 0% used [0x00000000ec300000,0x00000000ec300000,0x00000000ec580000)
 ParOldGen       total 41472K, used 8548K [0x00000000c1800000, 0x00000000c4080000, 0x00000000eb300000)
  object space 41472K, 20% used [0x00000000c1800000,0x00000000c2059188,0x00000000c4080000)
 Metaspace       used 20725K, capacity 20930K, committed 21248K, reserved 1067008K
  class space    used 2682K, capacity 2766K, committed 2816K, reserved 1048576K
}

