# JRE version: Java(TM) SE Runtime Environment (8.0_101-b13) (build 1.8.0_101-b13)
# Java VM: Java HotSpot(TM) 64-Bit Server VM (25.101-b13 mixed mode windows-amd64 compressed oops)
Heap:
 PSYoungGen      total 18944K, used 3647K [0x00000000eb300000, 0x00000000edc80000, 0x0000000100000000)
  eden space 16384K, 11% used [0x00000000eb300000,0x00000000eb4e7060,0x00000000ec300000)
  from space 2560K, 66% used [0x00000000ec300000,0x00000000ec4a8d48,0x00000000ec580000)
  to   space 9216K, 0% used [0x00000000ed380000,0x00000000ed380000,0x00000000edc80000)
 ParOldGen       total 40960K, used 22813K [0x00000000c1800000, 0x00000000c4000000, 0x00000000eb300000)
  object space 40960K, 55% used [0x00000000c1800000,0x00000000c2e476c0,0x00000000c4000000)
 Metaspace       used 24700K, capacity 25092K, committed 25392K, reserved 1071104K
  class space    used 3250K, capacity 3375K, committed 3376K, reserved 1048576K
GC Heap History (10 events):
Event: 6.864 GC heap before
{Heap before GC invocations=2 (full 0):
 PSYoungGen      total 18944K, used 18928K [0x00000000eb300000, 0x00000000ec800000, 0x0000000100000000)
  eden space 16384K, 100% used [0x00000000eb300000,0x00000000ec300000,0x00000000ec300000)
  from space 2560K, 99% used [0x00000000ec300000,0x00000000ec57c050,0x00000000ec580000)
  to   space 2560K, 0% used [0x00000000ec580000,0x00000000ec580000,0x00000000ec800000)
 ParOldGen       total 44032K, used 1717K [0x00000000c1800000, 0x00000000c4300000, 0x00000000eb300000)
  object space 44032K, 3% used [0x00000000c1800000,0x00000000c19ad658,0x00000000c4300000)
 Metaspace       used 17467K, capacity 17792K, committed 18048K, reserved 1064960K
  class space    used 2222K, capacity 2326K, committed 2432K, reserved 1048576K
Event: 6.886 GC heap after
Heap after GC invocations=2 (full 0):
 PSYoungGen      total 18944K, used 2544K [0x00000000eb300000, 0x00000000ec800000, 0x0000000100000000)
  eden space 16384K, 0% used [0x00000000eb300000,0x00000000eb300000,0x00000000ec300000)
  from space 2560K, 99% used [0x00000000ec580000,0x00000000ec7fc030,0x00000000ec800000)
  to   space 2560K, 0% used [0x00000000ec300000,0x00000000ec300000,0x00000000ec580000)
 ParOldGen       total 44032K, used 7341K [0x00000000c1800000, 0x00000000c4300000, 0x00000000eb300000)
  object space 44032K, 16% used [0x00000000c1800000,0x00000000c1f2b7d8,0x00000000c4300000)
 Metaspace       used 17467K, capacity 17792K, committed 18048K, reserved 1064960K
  class space    used 2222K, capacity 2326K, committed 2432K, reserved 1048576K
}
Event: 7.822 GC heap before
{Heap before GC invocations=3 (full 0):
 PSYoungGen      total 18944K, used 18928K [0x00000000eb300000, 0x00000000ec800000, 0x0000000100000000)
  eden space 16384K, 100% used [0x00000000eb300000,0x00000000ec300000,0x00000000ec300000)
  from space 2560K, 99% used [0x00000000ec580000,0x00000000ec7fc030,0x00000000ec800000)
  to   space 2560K, 0% used [0x00000000ec300000,0x00000000ec300000,0x00000000ec580000)
 ParOldGen       total 44032K, used 7341K [0x00000000c1800000, 0x00000000c4300000, 0x00000000eb300000)
  object space 44032K, 16% used [0x00000000c1800000,0x00000000c1f2b7d8,0x00000000c4300000)
 Metaspace       used 19625K, capacity 19994K, committed 20096K, reserved 1067008K
  class space    used 2540K, capacity 2650K, committed 2688K, reserved 1048576K
Event: 7.837 GC heap after
Heap after GC invocations=3 (full 0):
 PSYoungGen      total 18944K, used 2545K [0x00000000eb300000, 0x00000000ec800000, 0x0000000100000000)
  eden space 16384K, 0% used [0x00000000eb300000,0x00000000eb300000,0x00000000ec300000)
  from space 2560K, 99% used [0x00000000ec300000,0x00000000ec57c720,0x00000000ec580000)
  to   space 2560K, 0% used [0x00000000ec580000,0x00000000ec580000,0x00000000ec800000)
 ParOldGen       total 44032K, used 9598K [0x00000000c1800000, 0x00000000c4300000, 0x00000000eb300000)
  object space 44032K, 21% used [0x00000000c1800000,0x00000000c215fae0,0x00000000c4300000)
 Metaspace       used 19625K, capacity 19994K, committed 20096K, reserved 1067008K
  class space    used 2540K, capacity 2650K, committed 2688K, reserved 1048576K
}
Event: 8.642 GC heap before
{Heap before GC invocations=4 (full 0):
 PSYoungGen      total 18944K, used 9183K [0x00000000eb300000, 0x00000000ec800000, 0x0000000100000000)
  eden space 16384K, 40% used [0x00000000eb300000,0x00000000eb97b5f0,0x00000000ec300000)
  from space 2560K, 99% used [0x00000000ec300000,0x00000000ec57c720,0x00000000ec580000)
  to   space 2560K, 0% used [0x00000000ec580000,0x00000000ec580000,0x00000000ec800000)
 ParOldGen       total 44032K, used 9598K [0x00000000c1800000, 0x00000000c4300000, 0x00000000eb300000)
  object space 44032K, 21% used [0x00000000c1800000,0x00000000c215fae0,0x00000000c4300000)
 Metaspace       used 20889K, capacity 21218K, committed 21296K, reserved 1067008K
  class space    used 2726K, capacity 2844K, committed 2864K, reserved 1048576K
Event: 8.656 GC heap after
Heap after GC invocations=4 (full 0):
 PSYoungGen      total 18944K, used 2545K [0x00000000eb300000, 0x00000000ed800000, 0x0000000100000000)
  eden space 16384K, 0% used [0x00000000eb300000,0x00000000eb300000,0x00000000ec300000)
  from space 2560K, 99% used [0x00000000ec580000,0x00000000ec7fc720,0x00000000ec800000)
  to   space 2560K, 0% used [0x00000000ec300000,0x00000000ec300000,0x00000000ec580000)
 ParOldGen       total 44032K, used 10701K [0x00000000c1800000, 0x00000000c4300000, 0x00000000eb300000)
  object space 44032K, 24% used [0x00000000c1800000,0x00000000c2273580,0x00000000c4300000)
 Metaspace       used 20889K, capacity 21218K, committed 21296K, reserved 1067008K
  class space    used 2726K, capacity 2844K, committed 2864K, reserved 1048576K
}
Event: 8.656 GC heap before
{Heap before GC invocations=5 (full 1):
 PSYoungGen      total 18944K, used 2545K [0x00000000eb300000, 0x00000000ed800000, 0x0000000100000000)
  eden space 16384K, 0% used [0x00000000eb300000,0x00000000eb300000,0x00000000ec300000)
  from space 2560K, 99% used [0x00000000ec580000,0x00000000ec7fc720,0x00000000ec800000)
  to   space 2560K, 0% used [0x00000000ec300000,0x00000000ec300000,0x00000000ec580000)
 ParOldGen       total 44032K, used 10701K [0x00000000c1800000, 0x00000000c4300000, 0x00000000eb300000)
  object space 44032K, 24% used [0x00000000c1800000,0x00000000c2273580,0x00000000c4300000)
 Metaspace       used 20889K, capacity 21218K, committed 21296K, reserved 1067008K
  class space    used 2726K, capacity 2844K, committed 2864K, reserved 1048576K
Event: 8.769 GC heap after
Heap after GC invocations=5 (full 1):
 PSYoungGen      total 18944K, used 0K [0x00000000eb300000, 0x00000000ed800000, 0x0000000100000000)
  eden space 16384K, 0% used [0x00000000eb300000,0x00000000eb300000,0x00000000ec300000)
  from space 2560K, 0% used [0x00000000ec580000,0x00000000ec580000,0x00000000ec800000)
  to   space 2560K, 0% used [0x00000000ec300000,0x00000000ec300000,0x00000000ec580000)
 ParOldGen       total 40960K, used 9284K [0x00000000c1800000, 0x00000000c4000000, 0x00000000eb300000)
  object space 40960K, 22% used [0x00000000c1800000,0x00000000c2111318,0x00000000c4000000)
 Metaspace       used 20889K, capacity 21218K, committed 21296K, reserved 1067008K
  class space    used 2726K, capacity 2844K, committed 2864K, reserved 1048576K
}
Event: 9.991 GC heap before
{Heap before GC invocations=6 (full 1):
 PSYoungGen      total 18944K, used 16384K [0x00000000eb300000, 0x00000000ed800000, 0x0000000100000000)
  eden space 16384K, 100% used [0x00000000eb300000,0x00000000ec300000,0x00000000ec300000)
  from space 2560K, 0% used [0x00000000ec580000,0x00000000ec580000,0x00000000ec800000)
  to   space 2560K, 0% used [0x00000000ec300000,0x00000000ec300000,0x00000000ec580000)
 ParOldGen       total 40960K, used 9284K [0x00000000c1800000, 0x00000000c4000000, 0x00000000eb300000)
  object space 40960K, 22% used [0x00000000c1800000,0x00000000c2111318,0x00000000c4000000)
 Metaspace       used 23029K, capacity 23366K, committed 23600K, reserved 1069056K
  class space    used 2998K, capacity 3108K, committed 3120K, reserved 1048576K
Event: 10.008 GC heap after
Heap after GC invocations=6 (full 1):
 PSYoungGen      total 18944K, used 1699K [0x00000000eb300000, 0x00000000edc80000, 0x0000000100000000)
  eden space 16384K, 0% used [0x00000000eb300000,0x00000000eb300000,0x00000000ec300000)
  from space 2560K, 66% used [0x00000000ec300000,0x00000000ec4a8d48,0x00000000ec580000)
  to   space 9216K, 0% used [0x00000000ed380000,0x00000000ed380000,0x00000000edc80000)
 ParOldGen       total 40960K, used 22813K [0x00000000c1800000, 0x00000000c4000000, 0x00000000eb300000)
  object space 40960K, 55% used [0x00000000c1800000,0x00000000c2e476c0,0x00000000c4000000)
 Metaspace       used 23029K, capacity 23366K, committed 23600K, reserved 1069056K
  class space    used 2998K, capacity 3108K, committed 3120K, reserved 1048576K
}

