# JRE version: Java(TM) SE Runtime Environment (8.0_101-b13) (build 1.8.0_101-b13)
# Java VM: Java HotSpot(TM) 64-Bit Server VM (25.101-b13 mixed mode windows-amd64 compressed oops)
Heap:
 PSYoungGen      total 18944K, used 3974K [0x00000000eb300000, 0x00000000edd00000, 0x0000000100000000)
  eden space 16384K, 14% used [0x00000000eb300000,0x00000000eb548d78,0x00000000ec300000)
  from space 2560K, 63% used [0x00000000ec300000,0x00000000ec498cb0,0x00000000ec580000)
  to   space 9216K, 0% used [0x00000000ed400000,0x00000000ed400000,0x00000000edd00000)
 ParOldGen       total 41984K, used 22799K [0x00000000c1800000, 0x00000000c4100000, 0x00000000eb300000)
  object space 41984K, 54% used [0x00000000c1800000,0x00000000c2e43d80,0x00000000c4100000)
 Metaspace       used 24745K, capacity 25128K, committed 25472K, reserved 1071104K
  class space    used 3254K, capacity 3343K, committed 3456K, reserved 1048576K
GC Heap History (10 events):
Event: 8.838 GC heap before
{Heap before GC invocations=2 (full 0):
 PSYoungGen      total 18944K, used 18928K [0x00000000eb300000, 0x00000000ec800000, 0x0000000100000000)
  eden space 16384K, 100% used [0x00000000eb300000,0x00000000ec300000,0x00000000ec300000)
  from space 2560K, 99% used [0x00000000ec300000,0x00000000ec57c060,0x00000000ec580000)
  to   space 2560K, 0% used [0x00000000ec580000,0x00000000ec580000,0x00000000ec800000)
 ParOldGen       total 44032K, used 1734K [0x00000000c1800000, 0x00000000c4300000, 0x00000000eb300000)
  object space 44032K, 3% used [0x00000000c1800000,0x00000000c19b1aa8,0x00000000c4300000)
 Metaspace       used 17428K, capacity 17796K, committed 18048K, reserved 1064960K
  class space    used 2214K, capacity 2326K, committed 2432K, reserved 1048576K
Event: 8.869 GC heap after
Heap after GC invocations=2 (full 0):
 PSYoungGen      total 18944K, used 2544K [0x00000000eb300000, 0x00000000ec800000, 0x0000000100000000)
  eden space 16384K, 0% used [0x00000000eb300000,0x00000000eb300000,0x00000000ec300000)
  from space 2560K, 99% used [0x00000000ec580000,0x00000000ec7fc040,0x00000000ec800000)
  to   space 2560K, 0% used [0x00000000ec300000,0x00000000ec300000,0x00000000ec580000)
 ParOldGen       total 44032K, used 7466K [0x00000000c1800000, 0x00000000c4300000, 0x00000000eb300000)
  object space 44032K, 16% used [0x00000000c1800000,0x00000000c1f4aa28,0x00000000c4300000)
 Metaspace       used 17428K, capacity 17796K, committed 18048K, reserved 1064960K
  class space    used 2214K, capacity 2326K, committed 2432K, reserved 1048576K
}
Event: 9.646 GC heap before
{Heap before GC invocations=3 (full 0):
 PSYoungGen      total 18944K, used 18928K [0x00000000eb300000, 0x00000000ec800000, 0x0000000100000000)
  eden space 16384K, 100% used [0x00000000eb300000,0x00000000ec300000,0x00000000ec300000)
  from space 2560K, 99% used [0x00000000ec580000,0x00000000ec7fc040,0x00000000ec800000)
  to   space 2560K, 0% used [0x00000000ec300000,0x00000000ec300000,0x00000000ec580000)
 ParOldGen       total 44032K, used 7466K [0x00000000c1800000, 0x00000000c4300000, 0x00000000eb300000)
  object space 44032K, 16% used [0x00000000c1800000,0x00000000c1f4aa28,0x00000000c4300000)
 Metaspace       used 19588K, capacity 19934K, committed 20096K, reserved 1067008K
  class space    used 2534K, capacity 2650K, committed 2688K, reserved 1048576K
Event: 9.660 GC heap after
Heap after GC invocations=3 (full 0):
 PSYoungGen      total 18944K, used 2545K [0x00000000eb300000, 0x00000000ec800000, 0x0000000100000000)
  eden space 16384K, 0% used [0x00000000eb300000,0x00000000eb300000,0x00000000ec300000)
  from space 2560K, 99% used [0x00000000ec300000,0x00000000ec57c720,0x00000000ec580000)
  to   space 2560K, 0% used [0x00000000ec580000,0x00000000ec580000,0x00000000ec800000)
 ParOldGen       total 44032K, used 9700K [0x00000000c1800000, 0x00000000c4300000, 0x00000000eb300000)
  object space 44032K, 22% used [0x00000000c1800000,0x00000000c2179210,0x00000000c4300000)
 Metaspace       used 19588K, capacity 19934K, committed 20096K, reserved 1067008K
  class space    used 2534K, capacity 2650K, committed 2688K, reserved 1048576K
}
Event: 10.862 GC heap before
{Heap before GC invocations=4 (full 0):
 PSYoungGen      total 18944K, used 9260K [0x00000000eb300000, 0x00000000ec800000, 0x0000000100000000)
  eden space 16384K, 40% used [0x00000000eb300000,0x00000000eb98eae0,0x00000000ec300000)
  from space 2560K, 99% used [0x00000000ec300000,0x00000000ec57c720,0x00000000ec580000)
  to   space 2560K, 0% used [0x00000000ec580000,0x00000000ec580000,0x00000000ec800000)
 ParOldGen       total 44032K, used 9700K [0x00000000c1800000, 0x00000000c4300000, 0x00000000eb300000)
  object space 44032K, 22% used [0x00000000c1800000,0x00000000c2179210,0x00000000c4300000)
 Metaspace       used 20851K, capacity 21126K, committed 21248K, reserved 1067008K
  class space    used 2719K, capacity 2812K, committed 2816K, reserved 1048576K
Event: 10.875 GC heap after
Heap after GC invocations=4 (full 0):
 PSYoungGen      total 18944K, used 2551K [0x00000000eb300000, 0x00000000ec800000, 0x0000000100000000)
  eden space 16384K, 0% used [0x00000000eb300000,0x00000000eb300000,0x00000000ec300000)
  from space 2560K, 99% used [0x00000000ec580000,0x00000000ec7fdc60,0x00000000ec800000)
  to   space 2560K, 0% used [0x00000000ec300000,0x00000000ec300000,0x00000000ec580000)
 ParOldGen       total 44032K, used 10779K [0x00000000c1800000, 0x00000000c4300000, 0x00000000eb300000)
  object space 44032K, 24% used [0x00000000c1800000,0x00000000c2286e48,0x00000000c4300000)
 Metaspace       used 20851K, capacity 21126K, committed 21248K, reserved 1067008K
  class space    used 2719K, capacity 2812K, committed 2816K, reserved 1048576K
}
Event: 10.875 GC heap before
{Heap before GC invocations=5 (full 1):
 PSYoungGen      total 18944K, used 2551K [0x00000000eb300000, 0x00000000ec800000, 0x0000000100000000)
  eden space 16384K, 0% used [0x00000000eb300000,0x00000000eb300000,0x00000000ec300000)
  from space 2560K, 99% used [0x00000000ec580000,0x00000000ec7fdc60,0x00000000ec800000)
  to   space 2560K, 0% used [0x00000000ec300000,0x00000000ec300000,0x00000000ec580000)
 ParOldGen       total 44032K, used 10779K [0x00000000c1800000, 0x00000000c4300000, 0x00000000eb300000)
  object space 44032K, 24% used [0x00000000c1800000,0x00000000c2286e48,0x00000000c4300000)
 Metaspace       used 20851K, capacity 21126K, committed 21248K, reserved 1067008K
  class space    used 2719K, capacity 2812K, committed 2816K, reserved 1048576K
Event: 11.013 GC heap after
Heap after GC invocations=5 (full 1):
 PSYoungGen      total 18944K, used 0K [0x00000000eb300000, 0x00000000ec800000, 0x0000000100000000)
  eden space 16384K, 0% used [0x00000000eb300000,0x00000000eb300000,0x00000000ec300000)
  from space 2560K, 0% used [0x00000000ec580000,0x00000000ec580000,0x00000000ec800000)
  to   space 2560K, 0% used [0x00000000ec300000,0x00000000ec300000,0x00000000ec580000)
 ParOldGen       total 41984K, used 9270K [0x00000000c1800000, 0x00000000c4100000, 0x00000000eb300000)
  object space 41984K, 22% used [0x00000000c1800000,0x00000000c210d9d8,0x00000000c4100000)
 Metaspace       used 20851K, capacity 21126K, committed 21248K, reserved 1067008K
  class space    used 2719K, capacity 2812K, committed 2816K, reserved 1048576K
}
Event: 12.369 GC heap before
{Heap before GC invocations=6 (full 1):
 PSYoungGen      total 18944K, used 16384K [0x00000000eb300000, 0x00000000ec800000, 0x0000000100000000)
  eden space 16384K, 100% used [0x00000000eb300000,0x00000000ec300000,0x00000000ec300000)
  from space 2560K, 0% used [0x00000000ec580000,0x00000000ec580000,0x00000000ec800000)
  to   space 2560K, 0% used [0x00000000ec300000,0x00000000ec300000,0x00000000ec580000)
 ParOldGen       total 41984K, used 9270K [0x00000000c1800000, 0x00000000c4100000, 0x00000000eb300000)
  object space 41984K, 22% used [0x00000000c1800000,0x00000000c210d9d8,0x00000000c4100000)
 Metaspace       used 22991K, capacity 23350K, committed 23680K, reserved 1069056K
  class space    used 2991K, capacity 3078K, committed 3200K, reserved 1048576K
Event: 12.403 GC heap after
Heap after GC invocations=6 (full 1):
 PSYoungGen      total 18944K, used 1635K [0x00000000eb300000, 0x00000000edd00000, 0x0000000100000000)
  eden space 16384K, 0% used [0x00000000eb300000,0x00000000eb300000,0x00000000ec300000)
  from space 2560K, 63% used [0x00000000ec300000,0x00000000ec498cb0,0x00000000ec580000)
  to   space 9216K, 0% used [0x00000000ed400000,0x00000000ed400000,0x00000000edd00000)
 ParOldGen       total 41984K, used 22799K [0x00000000c1800000, 0x00000000c4100000, 0x00000000eb300000)
  object space 41984K, 54% used [0x00000000c1800000,0x00000000c2e43d80,0x00000000c4100000)
 Metaspace       used 22991K, capacity 23350K, committed 23680K, reserved 1069056K
  class space    used 2991K, capacity 3078K, committed 3200K, reserved 1048576K
}

